[debug] [2022-01-11T05:14:01.595Z] ----------------------------------------------------------------------
[debug] [2022-01-11T05:14:01.596Z] Command:       /usr/local/bin/firebase /Users/rmchenry/.cache/firebase/tools/lib/node_modules/firebase-tools/lib/bin/firebase deploy --only functions
[debug] [2022-01-11T05:14:01.596Z] CLI Version:   9.23.0
[debug] [2022-01-11T05:14:01.596Z] Platform:      darwin
[debug] [2022-01-11T05:14:01.596Z] Node Version:  v12.18.1
[debug] [2022-01-11T05:14:01.597Z] Time:          Tue Jan 11 2022 00:14:01 GMT-0500 (Eastern Standard Time)
[debug] [2022-01-11T05:14:01.597Z] ----------------------------------------------------------------------
[debug] 
[debug] [2022-01-11T05:14:01.629Z] > command requires scopes: ["email","openid","https://www.googleapis.com/auth/cloudplatformprojects.readonly","https://www.googleapis.com/auth/firebase","https://www.googleapis.com/auth/cloud-platform"]
[debug] [2022-01-11T05:14:01.629Z] > authorizing via signed-in user (ryan@sharingexcess.com)
[debug] [2022-01-11T05:14:01.629Z] [iam] checking project sharing-excess-prod for permissions ["cloudfunctions.functions.create","cloudfunctions.functions.delete","cloudfunctions.functions.get","cloudfunctions.functions.list","cloudfunctions.functions.update","cloudfunctions.operations.get","firebase.projects.get"]
[debug] [2022-01-11T05:14:01.631Z] > refreshing access token with scopes: ["email","https://www.googleapis.com/auth/cloud-platform","https://www.googleapis.com/auth/cloudplatformprojects.readonly","https://www.googleapis.com/auth/firebase","openid"]
[debug] [2022-01-11T05:14:01.631Z] >>> HTTP REQUEST POST https://www.googleapis.com/oauth2/v3/token  
 <request body omitted>
[debug] [2022-01-11T05:14:01.974Z] <<< HTTP RESPONSE 200 {"pragma":"no-cache","date":"Tue, 11 Jan 2022 05:14:01 GMT","expires":"Mon, 01 Jan 1990 00:00:00 GMT","cache-control":"no-cache, no-store, max-age=0, must-revalidate","content-type":"application/json; charset=utf-8","vary":"X-Origin, Referer, Origin,Accept-Encoding","server":"scaffolding on HTTPServer2","x-xss-protection":"0","x-frame-options":"SAMEORIGIN","x-content-type-options":"nosniff","alt-svc":"h3=\":443\"; ma=2592000,h3-29=\":443\"; ma=2592000,h3-Q050=\":443\"; ma=2592000,h3-Q046=\":443\"; ma=2592000,h3-Q043=\":443\"; ma=2592000,quic=\":443\"; ma=2592000; v=\"46,43\"","accept-ranges":"none","transfer-encoding":"chunked"}
[debug] [2022-01-11T05:14:02.025Z] >>> HTTP REQUEST POST https://cloudresourcemanager.googleapis.com/v1/projects/sharing-excess-prod:testIamPermissions  
 {"permissions":["cloudfunctions.functions.create","cloudfunctions.functions.delete","cloudfunctions.functions.get","cloudfunctions.functions.list","cloudfunctions.functions.update","cloudfunctions.operations.get","firebase.projects.get"]}
[debug] [2022-01-11T05:14:02.237Z] <<< HTTP RESPONSE 200 {"content-type":"application/json; charset=UTF-8","vary":"X-Origin, Referer, Origin,Accept-Encoding","date":"Tue, 11 Jan 2022 05:14:02 GMT","server":"ESF","cache-control":"private","x-xss-protection":"0","x-frame-options":"SAMEORIGIN","x-content-type-options":"nosniff","server-timing":"gfet4t7; dur=146","alt-svc":"h3=\":443\"; ma=2592000,h3-29=\":443\"; ma=2592000,h3-Q050=\":443\"; ma=2592000,h3-Q046=\":443\"; ma=2592000,h3-Q043=\":443\"; ma=2592000,quic=\":443\"; ma=2592000; v=\"46,43\"","accept-ranges":"none","transfer-encoding":"chunked"}
[debug] [2022-01-11T05:14:02.238Z] >>> HTTP REQUEST POST https://iam.googleapis.com/v1/projects/sharing-excess-prod/serviceAccounts/sharing-excess-prod@appspot.gserviceaccount.com:testIamPermissions  
 {"permissions":["iam.serviceAccounts.actAs"]}
[debug] [2022-01-11T05:14:02.406Z] <<< HTTP RESPONSE 200 {"content-type":"application/json; charset=UTF-8","vary":"X-Origin, Referer, Origin,Accept-Encoding","date":"Tue, 11 Jan 2022 05:14:02 GMT","server":"ESF","cache-control":"private","x-xss-protection":"0","x-frame-options":"SAMEORIGIN","x-content-type-options":"nosniff","alt-svc":"h3=\":443\"; ma=2592000,h3-29=\":443\"; ma=2592000,h3-Q050=\":443\"; ma=2592000,h3-Q046=\":443\"; ma=2592000,h3-Q043=\":443\"; ma=2592000,quic=\":443\"; ma=2592000; v=\"46,43\"","accept-ranges":"none","transfer-encoding":"chunked"}
[info] 
[info] === Deploying to 'sharing-excess-prod'...
[info] 
[info] i  deploying functions 
[info] Running command: npm --prefix "$RESOURCE_DIR" run lint
[info] ✔  functions: Finished running predeploy script. 
[debug] [2022-01-11T05:14:04.482Z] Validating nodejs source
[warn] ⚠  functions: package.json indicates an outdated version of firebase-functions.
Please upgrade using npm install --save firebase-functions@latest in your functions directory. 
[debug] [2022-01-11T05:14:05.904Z] > [functions] package.json contents: {
  "name": "functions",
  "description": "Cloud Functions for Firebase",
  "scripts": {
    "lint": "eslint .",
    "serve": "firebase emulators:start --only functions",
    "shell": "firebase functions:shell",
    "start": "npm run shell",
    "deploy": "firebase deploy --only functions",
    "logs": "firebase functions:log"
  },
  "engines": {
    "node": "12"
  },
  "main": "index.js",
  "dependencies": {
    "firebase-admin": "^9.4.2",
    "firebase-functions": "^3.13.0",
    "googleapis": "^67.0.0",
    "moment": "^2.29.1",
    "moment-timezone": "^0.5.34"
  },
  "devDependencies": {
    "eslint": "^5.16.0",
    "eslint-plugin-promise": "^4.2.1",
    "firebase-functions-test": "^0.2.3"
  },
  "private": true
}
[debug] [2022-01-11T05:14:05.904Z] Building nodejs source
[info] i  functions: ensuring required API cloudfunctions.googleapis.com is enabled... 
[info] i  functions: ensuring required API cloudbuild.googleapis.com is enabled... 
[info] i  functions: ensuring required API artifactregistry.googleapis.com is enabled... 
[debug] [2022-01-11T05:14:05.905Z] >>> HTTP REQUEST GET https://serviceusage.googleapis.com/v1/projects/sharing-excess-prod/services/cloudfunctions.googleapis.com  
 
[debug] [2022-01-11T05:14:05.906Z] >>> HTTP REQUEST GET https://serviceusage.googleapis.com/v1/projects/sharing-excess-prod/services/runtimeconfig.googleapis.com  
 
[debug] [2022-01-11T05:14:05.906Z] >>> HTTP REQUEST GET https://serviceusage.googleapis.com/v1/projects/sharing-excess-prod/services/cloudbuild.googleapis.com  
 
[debug] [2022-01-11T05:14:05.906Z] >>> HTTP REQUEST GET https://serviceusage.googleapis.com/v1/projects/sharing-excess-prod/services/artifactregistry.googleapis.com  
 
[debug] [2022-01-11T05:14:06.317Z] <<< HTTP RESPONSE 200 {"content-type":"application/json; charset=UTF-8","vary":"X-Origin, Referer, Origin,Accept-Encoding","date":"Tue, 11 Jan 2022 05:14:06 GMT","server":"ESF","cache-control":"private","x-xss-protection":"0","x-frame-options":"SAMEORIGIN","x-content-type-options":"nosniff","alt-svc":"h3=\":443\"; ma=2592000,h3-29=\":443\"; ma=2592000,h3-Q050=\":443\"; ma=2592000,h3-Q046=\":443\"; ma=2592000,h3-Q043=\":443\"; ma=2592000,quic=\":443\"; ma=2592000; v=\"46,43\"","accept-ranges":"none","transfer-encoding":"chunked"}
[debug] [2022-01-11T05:14:06.321Z] <<< HTTP RESPONSE 200 {"content-type":"application/json; charset=UTF-8","vary":"X-Origin, Referer, Origin,Accept-Encoding","date":"Tue, 11 Jan 2022 05:14:06 GMT","server":"ESF","cache-control":"private","x-xss-protection":"0","x-frame-options":"SAMEORIGIN","x-content-type-options":"nosniff","alt-svc":"h3=\":443\"; ma=2592000,h3-29=\":443\"; ma=2592000,h3-Q050=\":443\"; ma=2592000,h3-Q046=\":443\"; ma=2592000,h3-Q043=\":443\"; ma=2592000,quic=\":443\"; ma=2592000; v=\"46,43\"","accept-ranges":"none","transfer-encoding":"chunked"}
[info] ✔  functions: required API artifactregistry.googleapis.com is enabled 
[debug] [2022-01-11T05:14:06.325Z] <<< HTTP RESPONSE 200 {"content-type":"application/json; charset=UTF-8","vary":"X-Origin, Referer, Origin,Accept-Encoding","date":"Tue, 11 Jan 2022 05:14:06 GMT","server":"ESF","cache-control":"private","x-xss-protection":"0","x-frame-options":"SAMEORIGIN","x-content-type-options":"nosniff","alt-svc":"h3=\":443\"; ma=2592000,h3-29=\":443\"; ma=2592000,h3-Q050=\":443\"; ma=2592000,h3-Q046=\":443\"; ma=2592000,h3-Q043=\":443\"; ma=2592000,quic=\":443\"; ma=2592000; v=\"46,43\"","accept-ranges":"none","transfer-encoding":"chunked"}
[info] ✔  functions: required API cloudbuild.googleapis.com is enabled 
[debug] [2022-01-11T05:14:06.330Z] <<< HTTP RESPONSE 200 {"content-type":"application/json; charset=UTF-8","vary":"X-Origin, Referer, Origin,Accept-Encoding","date":"Tue, 11 Jan 2022 05:14:06 GMT","server":"ESF","cache-control":"private","x-xss-protection":"0","x-frame-options":"SAMEORIGIN","x-content-type-options":"nosniff","alt-svc":"h3=\":443\"; ma=2592000,h3-29=\":443\"; ma=2592000,h3-Q050=\":443\"; ma=2592000,h3-Q046=\":443\"; ma=2592000,h3-Q043=\":443\"; ma=2592000,quic=\":443\"; ma=2592000; v=\"46,43\"","accept-ranges":"none","transfer-encoding":"chunked"}
[info] ✔  functions: required API cloudfunctions.googleapis.com is enabled 
[debug] [2022-01-11T05:14:06.331Z] >>> HTTP REQUEST GET https://firebase.googleapis.com/v1beta1/projects/sharing-excess-prod/adminSdkConfig  
 
[debug] [2022-01-11T05:14:06.632Z] <<< HTTP RESPONSE 200 {"content-type":"application/json; charset=UTF-8","vary":"X-Origin, Referer, Origin,Accept-Encoding","date":"Tue, 11 Jan 2022 05:14:06 GMT","server":"ESF","cache-control":"private","x-xss-protection":"0","x-frame-options":"SAMEORIGIN","x-content-type-options":"nosniff","alt-svc":"h3=\":443\"; ma=2592000,h3-29=\":443\"; ma=2592000,h3-Q050=\":443\"; ma=2592000,h3-Q046=\":443\"; ma=2592000,h3-Q043=\":443\"; ma=2592000,quic=\":443\"; ma=2592000; v=\"46,43\"","accept-ranges":"none","transfer-encoding":"chunked"}
[debug] [2022-01-11T05:14:06.633Z] >>> HTTP REQUEST GET https://runtimeconfig.googleapis.com/v1beta1/projects/sharing-excess-prod/configs  
 
[debug] [2022-01-11T05:14:07.001Z] <<< HTTP RESPONSE 200 {"content-type":"application/json; charset=UTF-8","vary":"X-Origin, Referer, Origin,Accept-Encoding","date":"Tue, 11 Jan 2022 05:14:06 GMT","server":"ESF","cache-control":"private","x-xss-protection":"0","x-frame-options":"SAMEORIGIN","x-content-type-options":"nosniff","alt-svc":"h3=\":443\"; ma=2592000,h3-29=\":443\"; ma=2592000,h3-Q050=\":443\"; ma=2592000,h3-Q046=\":443\"; ma=2592000,h3-Q043=\":443\"; ma=2592000,quic=\":443\"; ma=2592000; v=\"46,43\"","accept-ranges":"none","transfer-encoding":"chunked"}
[debug] [2022-01-11T05:14:07.002Z] Analyzing nodejs backend spec
[info] i  functions: preparing functions directory for uploading... 
[info] i  functions: packaged functions (83.2 KB) for uploading 
[info] i  functions: ensuring required API pubsub.googleapis.com is enabled... 
[info] i  functions: ensuring required API cloudscheduler.googleapis.com is enabled... 
[debug] [2022-01-11T05:14:07.744Z] >>> HTTP REQUEST GET https://serviceusage.googleapis.com/v1/projects/sharing-excess-prod/services/pubsub.googleapis.com  
 
[debug] [2022-01-11T05:14:07.745Z] >>> HTTP REQUEST GET https://serviceusage.googleapis.com/v1/projects/sharing-excess-prod/services/cloudscheduler.googleapis.com  
 
[debug] [2022-01-11T05:14:08.131Z] <<< HTTP RESPONSE 200 {"content-type":"application/json; charset=UTF-8","vary":"X-Origin, Referer, Origin,Accept-Encoding","date":"Tue, 11 Jan 2022 05:14:08 GMT","server":"ESF","cache-control":"private","x-xss-protection":"0","x-frame-options":"SAMEORIGIN","x-content-type-options":"nosniff","alt-svc":"h3=\":443\"; ma=2592000,h3-29=\":443\"; ma=2592000,h3-Q050=\":443\"; ma=2592000,h3-Q046=\":443\"; ma=2592000,h3-Q043=\":443\"; ma=2592000,quic=\":443\"; ma=2592000; v=\"46,43\"","accept-ranges":"none","transfer-encoding":"chunked"}
[info] ✔  functions: required API cloudscheduler.googleapis.com is enabled 
[debug] [2022-01-11T05:14:08.179Z] <<< HTTP RESPONSE 200 {"content-type":"application/json; charset=UTF-8","vary":"X-Origin, Referer, Origin,Accept-Encoding","date":"Tue, 11 Jan 2022 05:14:08 GMT","server":"ESF","cache-control":"private","x-xss-protection":"0","x-frame-options":"SAMEORIGIN","x-content-type-options":"nosniff","alt-svc":"h3=\":443\"; ma=2592000,h3-29=\":443\"; ma=2592000,h3-Q050=\":443\"; ma=2592000,h3-Q046=\":443\"; ma=2592000,h3-Q043=\":443\"; ma=2592000,quic=\":443\"; ma=2592000; v=\"46,43\"","accept-ranges":"none","transfer-encoding":"chunked"}
[info] ✔  functions: required API pubsub.googleapis.com is enabled 
[debug] [2022-01-11T05:14:08.182Z] >>> HTTP REQUEST GET https://cloudfunctions.googleapis.com/v1/projects/sharing-excess-prod/locations/-/functions  
 
[debug] [2022-01-11T05:14:08.658Z] <<< HTTP RESPONSE 200 {"content-type":"application/json; charset=UTF-8","vary":"X-Origin, Referer, Origin,Accept-Encoding","date":"Tue, 11 Jan 2022 05:14:08 GMT","server":"ESF","cache-control":"private","x-xss-protection":"0","x-frame-options":"SAMEORIGIN","x-content-type-options":"nosniff","alt-svc":"h3=\":443\"; ma=2592000,h3-29=\":443\"; ma=2592000,h3-Q050=\":443\"; ma=2592000,h3-Q046=\":443\"; ma=2592000,h3-Q043=\":443\"; ma=2592000,quic=\":443\"; ma=2592000; v=\"46,43\"","accept-ranges":"none","transfer-encoding":"chunked"}
[debug] [2022-01-11T05:14:08.661Z] [functions] found 1 new HTTP functions, testing setIamPolicy permission...
[debug] [2022-01-11T05:14:08.661Z] >>> HTTP REQUEST POST https://cloudresourcemanager.googleapis.com/v1/projects/sharing-excess-prod:testIamPermissions  
 {"permissions":["cloudfunctions.functions.setIamPolicy"]}
[debug] [2022-01-11T05:14:08.823Z] <<< HTTP RESPONSE 200 {"content-type":"application/json; charset=UTF-8","vary":"X-Origin, Referer, Origin,Accept-Encoding","date":"Tue, 11 Jan 2022 05:14:08 GMT","server":"ESF","cache-control":"private","x-xss-protection":"0","x-frame-options":"SAMEORIGIN","x-content-type-options":"nosniff","server-timing":"gfet4t7; dur=133","alt-svc":"h3=\":443\"; ma=2592000,h3-29=\":443\"; ma=2592000,h3-Q050=\":443\"; ma=2592000,h3-Q046=\":443\"; ma=2592000,h3-Q043=\":443\"; ma=2592000,quic=\":443\"; ma=2592000; v=\"46,43\"","accept-ranges":"none","transfer-encoding":"chunked"}
[debug] [2022-01-11T05:14:08.823Z] [functions] found setIamPolicy permission, proceeding with deploy
[debug] [2022-01-11T05:14:08.824Z] >>> HTTP REQUEST POST https://cloudfunctions.googleapis.com/v1/projects/sharing-excess-prod/locations/us-central1/functions:generateUploadUrl  
 
[debug] [2022-01-11T05:14:09.458Z] <<< HTTP RESPONSE 200 {"content-type":"application/json; charset=UTF-8","vary":"X-Origin, Referer, Origin,Accept-Encoding","date":"Tue, 11 Jan 2022 05:14:09 GMT","server":"ESF","cache-control":"private","x-xss-protection":"0","x-frame-options":"SAMEORIGIN","x-content-type-options":"nosniff","alt-svc":"h3=\":443\"; ma=2592000,h3-29=\":443\"; ma=2592000,h3-Q050=\":443\"; ma=2592000,h3-Q046=\":443\"; ma=2592000,h3-Q043=\":443\"; ma=2592000,quic=\":443\"; ma=2592000; v=\"46,43\"","accept-ranges":"none","transfer-encoding":"chunked"}
[debug] [2022-01-11T05:14:09.460Z] >>> HTTP REQUEST PUT https://storage.googleapis.com/gcf-upload-us-central1-7c80f95f-dd39-431e-88b2-e8505d97e457/bca35f3d-a686-4290-8b31-b432238722f3.zip?GoogleAccessId=service-859300567960@gcf-admin-robot.iam.gserviceaccount.com&Expires=1641879849&Signature=HY69EMnKN8IPngaBbxuTq23zNG%2Bp%2BcAw9pWHvnYz%2F7I1mJQtIAmsY4wTaZ7XeGnE0t9Ut8ObVCqgJcYlK6pLQtWaNQYYwXgP8Z6YySk38SvuaEGa99rZ8oQJrPdtXPNS6YjUvLjTbVKccZCBygmhrG9%2FXjCKgS4PM5X74qE4NuAr0x2to2G7zX0YjlhJIGfTROxLA0OYwl%2BUeKpQ6zODLNSFyefpLwrYQ5FNaDZ1jekIbNj1DcPKiDcsutU%2BGn9mAyp7E83k3fLWcd5Wa0hqQDEzuduTWEXX3MqwhR5dMEo9o9zjQ2KkFQ0jjIlPSDe73KJ%2BxiNYBL%2FjMvpP6QgCJA%3D%3D  
 <request body omitted>
[debug] [2022-01-11T05:14:10.003Z] <<< HTTP RESPONSE 200 {"x-guploader-uploadid":"ADPycdvCSZIpumYJRlWHSE6ZoG-pWZrRmrxgby10KmxZ1n8zIWd_S6S_0aR9fxZvRQkBq7yRFlp5LZFWVRS921vxWXw9Xq6fIQ","etag":"\"0c91867344b1fea365ce0b27b3c3d315\"","x-goog-generation":"1641878049994204","x-goog-metageneration":"1","x-goog-hash":"crc32c=k4twWA==, md5=DJGGc0Sx/qNlzgsns8PTFQ==","x-goog-stored-content-length":"85199","x-goog-stored-content-encoding":"identity","vary":"Origin","content-length":"0","date":"Tue, 11 Jan 2022 05:14:10 GMT","server":"UploadServer","content-type":"text/html; charset=UTF-8","alt-svc":"h3=\":443\"; ma=2592000,h3-29=\":443\"; ma=2592000,h3-Q050=\":443\"; ma=2592000,h3-Q046=\":443\"; ma=2592000,h3-Q043=\":443\"; ma=2592000,quic=\":443\"; ma=2592000; v=\"46,43\""}
[info] ✔  functions: functions folder uploaded successfully 
[info] 
The following functions are found in your project but do not exist in your local source code:
	backend(us-central1)

If you are renaming a function or changing its region, it is recommended that you create the new function first before deleting the old one to prevent event loss. For more info, visit https://firebase.google.com/docs/functions/manage-functions#modify

